INFO:sim:172 - Generating IP...
Resolving generics for 'machine_init'...
Applying external generics to 'machine_init'...
Delivering associated files for 'machine_init'...
Delivering EJava files for 'machine_init'...
Generating implementation netlist for 'machine_init'...
INFO:sim - Pre-processing HDL files for 'machine_init'...
Running synthesis for 'machine_init'
Running ngcbuild...
Writing VEO instantiation template for 'machine_init'...
Writing Verilog behavioral simulation model for 'machine_init'...
WARNING:sim - Overwriting existing file
   D:/Documents/Desktop/MIPS/Lab2/CO_Lab2_Prg1/ipcore_dir/tmp/_cg/machine_init/d
   oc/blk_mem_gen_v7_3_vinfo.html with file from view xilinx_documentation
Delivered 1 file into directory
D:/Documents/Desktop/MIPS/Lab2/CO_Lab2_Prg1/ipcore_dir/tmp/_cg/machine_init
Generating ASY schematic symbol...
INFO:sim:949 - Finished generation of ASY schematic symbol.
Generating SYM schematic symbol for 'machine_init'...
Generating metadata file...
Generating ISE project file for 'machine_init'...
Generating ISE project...
XCO file found: machine_init.xco
XMDF file found: machine_init_xmdf.tcl
Adding
D:/Documents/Desktop/MIPS/Lab2/CO_Lab2_Prg1/ipcore_dir/tmp/_cg/machine_init.asy
-view all -origin_type imported
Adding
D:/Documents/Desktop/MIPS/Lab2/CO_Lab2_Prg1/ipcore_dir/tmp/_cg/machine_init.ngc
-view all -origin_type created
Checking file
"D:/Documents/Desktop/MIPS/Lab2/CO_Lab2_Prg1/ipcore_dir/tmp/_cg/machine_init.ngc
" for project device match ...
File
"D:/Documents/Desktop/MIPS/Lab2/CO_Lab2_Prg1/ipcore_dir/tmp/_cg/machine_init.ngc
" device information matches project device.
Adding
D:/Documents/Desktop/MIPS/Lab2/CO_Lab2_Prg1/ipcore_dir/tmp/_cg/machine_init.sym
-view all -origin_type imported
Adding
D:/Documents/Desktop/MIPS/Lab2/CO_Lab2_Prg1/ipcore_dir/tmp/_cg/machine_init.v
-view all -origin_type created
INFO:HDLCompiler:1845 - Analyzing Verilog file
   "D:/Documents/Desktop/MIPS/Lab2/CO_Lab2_Prg1/ipcore_dir/tmp/_cg/machine_init.
   v" into library work
INFO:ProjectMgmt - Parsing design hierarchy completed successfully.
Adding
D:/Documents/Desktop/MIPS/Lab2/CO_Lab2_Prg1/ipcore_dir/tmp/_cg/machine_init.veo
-view all -origin_type imported
INFO:TclTasksC:2116 - The automatic calculation of top has been turned-off.
   Please set the new top explicitly by running the "project set top" command.
   To re-calculate the new top automatically, set the "Auto Implementation Top"
   property to true.
Top level has been set to "/machine_init"
Generating README file...
Generating FLIST file...
INFO:sim:948 - Finished FLIST file generation.
Launching README viewer...
Moving files to output directory...
Finished moving files to output directory
Wrote CGP file for project 'machine_init'.
