Release 14.7 - ngc2edif P.20131013 (nt64)
Copyright (c) 1995-2013 Xilinx, Inc.  All rights reserved.
Reading design TOP_single_CPU.ngc ...
WARNING:NetListWriters:298 - No output is written to TOP_single_CPU.xncf,
   ignored.
Processing design ...
   Preping design's networks ...
   Preping design's macros ...
  finished :Prep
Writing EDIF netlist file TOP_single_CPU.edif ...
ngc2edif: Total memory usage is 4327116 kilobytes

Release 14.7 - ngc2edif P.20131013 (nt64)
Copyright (c) 1995-2013 Xilinx, Inc.  All rights reserved.
Reading design DataMemory.ngc ...
WARNING:NetListWriters:298 - No output is written to DataMemory.xncf, ignored.
Processing design ...
   Preping design's networks ...
   Preping design's macros ...
  finished :Prep
Writing EDIF netlist file DataMemory.edif ...
ngc2edif: Total memory usage is 4314828 kilobytes

Release 14.7 - ngc2edif P.20131013 (nt64)
Copyright (c) 1995-2013 Xilinx, Inc.  All rights reserved.
Reading design InstructionMemory.ngc ...
WARNING:NetListWriters:298 - No output is written to InstructionMemory.xncf,
   ignored.
Processing design ...
   Preping design's networks ...
   Preping design's macros ...
  finished :Prep
Writing EDIF netlist file InstructionMemory.edif ...
ngc2edif: Total memory usage is 4314828 kilobytes

