Release 14.7 Map P.20131013 (nt64)
Xilinx Mapping Report File for Design 'multi_cpu_top'

Design Information
------------------
Command Line   : map -intstyle ise -p xc7k160t-ffg676-2L -w -logic_opt off -ol
high -t 1 -xt 0 -register_duplication off -r 4 -mt off -ir off -pr off -lc off
-power off -o multi_cpu_top_map.ncd multi_cpu_top.ngd multi_cpu_top.pcf 
Target Device  : xc7k160t
Target Package : ffg676
Target Speed   : -2l
Mapper Version : kintex7 -- $Revision: 1.55 $
Mapped Date    : Tue Aug 11 11:42:40 2020

Design Summary
--------------
Number of errors:      0
Number of warnings:    0
Slice Logic Utilization:
  Number of Slice Registers:                 1,382 out of 202,800    1%
    Number used as Flip Flops:               1,382
    Number used as Latches:                      0
    Number used as Latch-thrus:                  0
    Number used as AND/OR logics:                0
  Number of Slice LUTs:                      1,489 out of 101,400    1%
    Number used as logic:                    1,483 out of 101,400    1%
      Number using O6 output only:           1,338
      Number using O5 output only:              91
      Number using O5 and O6:                   54
      Number used as ROM:                        0
    Number used as Memory:                       0 out of  35,000    0%
    Number used exclusively as route-thrus:      6
      Number with same-slice register load:      2
      Number with same-slice carry load:         4
      Number with other load:                    0

Slice Logic Distribution:
  Number of occupied Slices:                 1,221 out of  25,350    4%
  Number of LUT Flip Flop pairs used:        2,295
    Number with an unused Flip Flop:           919 out of   2,295   40%
    Number with an unused LUT:                 806 out of   2,295   35%
    Number of fully used LUT-FF pairs:         570 out of   2,295   24%
    Number of unique control sets:              40
    Number of slice register sites lost
      to control set restrictions:              10 out of 202,800    1%

  A LUT Flip Flop pair for this architecture represents one LUT paired with
  one Flip Flop within a slice.  A control set is a unique combination of
  clock, reset, set, and enable signals for a registered element.
  The Slice Logic Distribution report is not meaningful if the design is
  over-mapped for a non-slice resource or if Placement fails.
  OVERMAPPING of BRAM resources should be ignored if the design is
  over-mapped for a non-BRAM resource or if placement fails.

IO Utilization:
  Number of bonded IOBs:                        33 out of     400    8%
    Number of LOCed IOBs:                       33 out of      33  100%

Specific Feature Utilization:
  Number of RAMB36E1/FIFO36E1s:                  1 out of     325    1%
    Number using RAMB36E1 only:                  1
    Number using FIFO36E1 only:                  0
  Number of RAMB18E1/FIFO18E1s:                  0 out of     650    0%
  Number of BUFG/BUFGCTRLs:                      2 out of      32    6%
    Number used as BUFGs:                        2
    Number used as BUFGCTRLs:                    0
  Number of IDELAYE2/IDELAYE2_FINEDELAYs:        0 out of     400    0%
  Number of ILOGICE2/ILOGICE3/ISERDESE2s:        0 out of     400    0%
  Number of ODELAYE2/ODELAYE2_FINEDELAYs:        0 out of     150    0%
  Number of OLOGICE2/OLOGICE3/OSERDESE2s:        0 out of     400    0%
  Number of PHASER_IN/PHASER_IN_PHYs:            0 out of      32    0%
  Number of PHASER_OUT/PHASER_OUT_PHYs:          0 out of      32    0%
  Number of BSCANs:                              0 out of       4    0%
  Number of BUFHCEs:                             0 out of     120    0%
  Number of BUFRs:                               0 out of      32    0%
  Number of CAPTUREs:                            0 out of       1    0%
  Number of DNA_PORTs:                           0 out of       1    0%
  Number of DSP48E1s:                            0 out of     600    0%
  Number of EFUSE_USRs:                          0 out of       1    0%
  Number of FRAME_ECCs:                          0 out of       1    0%
  Number of GTXE2_CHANNELs:                      0 out of       8    0%
  Number of GTXE2_COMMONs:                       0 out of       2    0%
  Number of IBUFDS_GTE2s:                        0 out of       4    0%
  Number of ICAPs:                               0 out of       2    0%
  Number of IDELAYCTRLs:                         0 out of       8    0%
  Number of IN_FIFOs:                            0 out of      32    0%
  Number of MMCME2_ADVs:                         0 out of       8    0%
  Number of OUT_FIFOs:                           0 out of      32    0%
  Number of PCIE_2_1s:                           0 out of       1    0%
  Number of PHASER_REFs:                         0 out of       8    0%
  Number of PHY_CONTROLs:                        0 out of       8    0%
  Number of PLLE2_ADVs:                          0 out of       8    0%
  Number of STARTUPs:                            0 out of       1    0%
  Number of XADCs:                               0 out of       1    0%

Average Fanout of Non-Clock Nets:                3.93

Peak Memory Usage:  1063 MB
Total REAL time to MAP completion:  1 mins 21 secs 
Total CPU time to MAP completion:   1 mins 11 secs 

Table of Contents
-----------------
Section 1 - Errors
Section 2 - Warnings
Section 3 - Informational
Section 4 - Removed Logic Summary
Section 5 - Removed Logic
Section 6 - IOB Properties
Section 7 - RPMs
Section 8 - Guide Report
Section 9 - Area Group and Partition Summary
Section 10 - Timing Report
Section 11 - Configuration String Information
Section 12 - Control Set Information
Section 13 - Utilization by Hierarchy

Section 1 - Errors
------------------

Section 2 - Warnings
--------------------

Section 3 - Informational
-------------------------
INFO:LIT:244 - All of the single ended outputs in this design are using slew
   rate limited output drivers. The delay on speed critical single ended outputs
   can be dramatically reduced by designating them as fast outputs.
INFO:Pack:1716 - Initializing temperature to 100.000 Celsius. (default - Range:
   0.000 to 100.000 Celsius)
INFO:Pack:1720 - Initializing voltage to 0.970 Volts. (default - Range: 0.970 to
   1.030 Volts)
INFO:Map:215 - The Interim Design Summary has been generated in the MAP Report
   (.mrp).
INFO:Pack:1650 - Map created a placed design.

Section 4 - Removed Logic Summary
---------------------------------
  12 block(s) removed
  19 block(s) optimized away
  12 signal(s) removed

Section 5 - Removed Logic
-------------------------

The trimmed logic reported below is either:
   1. part of a cycle
   2. part of disabled logic
   3. a side-effect of other trimmed logic

The signal "dispnumM/XLXI_3/XLXI_4/XLXN_228" is unused and has been removed.
 Unused block "dispnumM/XLXI_3/XLXI_4/XLXI_82" (AND) removed.
  The signal "dispnumM/XLXI_3/XLXI_4/XLXN_227" is unused and has been removed.
   Unused block "dispnumM/XLXI_3/XLXI_4/XLXI_123" (BUF) removed.
  The signal "dispnumM/XLXI_3/XLXI_4/XLXN_226" is unused and has been removed.
   Unused block "dispnumM/XLXI_3/XLXI_4/XLXI_122" (BUF) removed.
The signal "dispnumM/XLXI_3/XLXI_4/XLXN_230" is unused and has been removed.
 Unused block "dispnumM/XLXI_3/XLXI_4/XLXI_84" (AND) removed.
The signal "dispnumM/XLXI_3/XLXI_4/XLXN_231" is unused and has been removed.
 Unused block "dispnumM/XLXI_3/XLXI_4/XLXI_85" (AND) removed.
The signal "dispnumM/XLXI_3/XLXI_4/XLXN_229" is unused and has been removed.
 Unused block "dispnumM/XLXI_3/XLXI_4/XLXI_83" (AND) removed.
The signal "dispnumM/XLXI_3/XLXI_3/XLXN_228" is unused and has been removed.
 Unused block "dispnumM/XLXI_3/XLXI_3/XLXI_82" (AND) removed.
  The signal "dispnumM/XLXI_3/XLXI_3/XLXN_227" is unused and has been removed.
   Unused block "dispnumM/XLXI_3/XLXI_3/XLXI_123" (BUF) removed.
  The signal "dispnumM/XLXI_3/XLXI_3/XLXN_226" is unused and has been removed.
   Unused block "dispnumM/XLXI_3/XLXI_3/XLXI_122" (BUF) removed.
The signal "dispnumM/XLXI_3/XLXI_3/XLXN_230" is unused and has been removed.
 Unused block "dispnumM/XLXI_3/XLXI_3/XLXI_84" (AND) removed.
The signal "dispnumM/XLXI_3/XLXI_3/XLXN_231" is unused and has been removed.
 Unused block "dispnumM/XLXI_3/XLXI_3/XLXI_85" (AND) removed.
The signal "dispnumM/XLXI_3/XLXI_3/XLXN_229" is unused and has been removed.
 Unused block "dispnumM/XLXI_3/XLXI_3/XLXI_83" (AND) removed.

Optimized Block(s):
TYPE 		BLOCK
INV 		dispnumM/XLXI_1/XLXI_87
AND2 		dispnumM/XLXI_3/XLXI_2/XLXI_1
AND2 		dispnumM/XLXI_3/XLXI_2/XLXI_11
AND2 		dispnumM/XLXI_3/XLXI_2/XLXI_21
AND2 		dispnumM/XLXI_3/XLXI_2/XLXI_31
AND2 		dispnumM/XLXI_3/XLXI_3/XLXI_1
AND2 		dispnumM/XLXI_3/XLXI_3/XLXI_2
AND2 		dispnumM/XLXI_3/XLXI_3/XLXI_3
AND2 		dispnumM/XLXI_3/XLXI_3/XLXI_4
OR4 		dispnumM/XLXI_3/XLXI_3/XLXI_5
AND2 		dispnumM/XLXI_3/XLXI_4/XLXI_1
AND2 		dispnumM/XLXI_3/XLXI_4/XLXI_2
AND2 		dispnumM/XLXI_3/XLXI_4/XLXI_3
AND2 		dispnumM/XLXI_3/XLXI_4/XLXI_4
OR4 		dispnumM/XLXI_3/XLXI_4/XLXI_5
GND 		dispnumM/XLXI_3/XLXI_6
VCC 		dispnumM/XLXI_3/XLXI_7
GND 		memory/memory_core/XST_GND
VCC 		memory/memory_core/XST_VCC

To enable printing of redundant blocks removed and signals merged, set the
detailed map report option and rerun map.

Section 6 - IOB Properties
--------------------------

+---------------------------------------------------------------------------------------------------------------------------------------------------------+
| IOB Name                           | Type             | Direction | IO Standard          | Diff  | Drive    | Slew | Reg (s)      | Resistor | IOB      |
|                                    |                  |           |                      | Term  | Strength | Rate |              |          | Delay    |
+---------------------------------------------------------------------------------------------------------------------------------------------------------+
| AN<0>                              | IOB33            | OUTPUT    | LVCMOS33             |       | 12       | SLOW |              |          |          |
| AN<1>                              | IOB33            | OUTPUT    | LVCMOS33             |       | 12       | SLOW |              |          |          |
| AN<2>                              | IOB33            | OUTPUT    | LVCMOS33             |       | 12       | SLOW |              |          |          |
| AN<3>                              | IOB33            | OUTPUT    | LVCMOS33             |       | 12       | SLOW |              |          |          |
| K_COL<0>                           | IOB              | INPUT     | LVCMOS18             |       |          |      |              |          |          |
| K_COL<1>                           | IOB              | INPUT     | LVCMOS18             |       |          |      |              |          |          |
| K_ROW<0>                           | IOB              | OUTPUT    | LVCMOS18             |       | 12       | SLOW |              |          |          |
| K_ROW<1>                           | IOB              | OUTPUT    | LVCMOS18             |       | 12       | SLOW |              |          |          |
| K_ROW<2>                           | IOB              | OUTPUT    | LVCMOS18             |       | 12       | SLOW |              |          |          |
| K_ROW<3>                           | IOB              | OUTPUT    | LVCMOS18             |       | 12       | SLOW |              |          |          |
| K_ROW<4>                           | IOB              | OUTPUT    | LVCMOS18             |       | 12       | SLOW |              |          |          |
| LED<0>                             | IOB33            | OUTPUT    | LVCMOS33             |       | 12       | SLOW |              |          |          |
| LED<1>                             | IOB33            | OUTPUT    | LVCMOS33             |       | 12       | SLOW |              |          |          |
| LED<2>                             | IOB33            | OUTPUT    | LVCMOS33             |       | 12       | SLOW |              |          |          |
| LED<3>                             | IOB33            | OUTPUT    | LVCMOS33             |       | 12       | SLOW |              |          |          |
| LED<4>                             | IOB33            | OUTPUT    | LVCMOS33             |       | 12       | SLOW |              |          |          |
| SEGMENT<0>                         | IOB33            | OUTPUT    | LVCMOS33             |       | 12       | SLOW |              |          |          |
| SEGMENT<1>                         | IOB33            | OUTPUT    | LVCMOS33             |       | 12       | SLOW |              |          |          |
| SEGMENT<2>                         | IOB33            | OUTPUT    | LVCMOS33             |       | 12       | SLOW |              |          |          |
| SEGMENT<3>                         | IOB33            | OUTPUT    | LVCMOS33             |       | 12       | SLOW |              |          |          |
| SEGMENT<4>                         | IOB33            | OUTPUT    | LVCMOS33             |       | 12       | SLOW |              |          |          |
| SEGMENT<5>                         | IOB33            | OUTPUT    | LVCMOS33             |       | 12       | SLOW |              |          |          |
| SEGMENT<6>                         | IOB33            | OUTPUT    | LVCMOS33             |       | 12       | SLOW |              |          |          |
| SEGMENT<7>                         | IOB33            | OUTPUT    | LVCMOS33             |       | 12       | SLOW |              |          |          |
| SW<0>                              | IOB              | INPUT     | LVCMOS15             |       |          |      |              |          |          |
| SW<1>                              | IOB              | INPUT     | LVCMOS15             |       |          |      |              |          |          |
| SW<2>                              | IOB              | INPUT     | LVCMOS15             |       |          |      |              |          |          |
| SW<3>                              | IOB              | INPUT     | LVCMOS15             |       |          |      |              |          |          |
| SW<4>                              | IOB              | INPUT     | LVCMOS15             |       |          |      |              |          |          |
| SW<5>                              | IOB              | INPUT     | LVCMOS15             |       |          |      |              |          |          |
| SW<6>                              | IOB              | INPUT     | LVCMOS15             |       |          |      |              |          |          |
| SW<7>                              | IOB              | INPUT     | LVCMOS15             |       |          |      |              |          |          |
| clk_s                              | IOB              | INPUT     | LVCMOS18             |       |          |      |              |          |          |
+---------------------------------------------------------------------------------------------------------------------------------------------------------+

Section 7 - RPMs
----------------

Section 8 - Guide Report
------------------------
Guide not run on this design.

Section 9 - Area Group and Partition Summary
--------------------------------------------

Partition Implementation Status
-------------------------------

  No Partitions were found in this design.

-------------------------------

Area Group Information
----------------------

  No area groups were found in this design.

----------------------

Section 10 - Timing Report
--------------------------
A logic-level (pre-route) timing report can be generated by using Xilinx static
timing analysis tools, Timing Analyzer (GUI) or TRCE (command line), with the
mapped NCD and PCF files. Please note that this timing report will be generated
using estimated delay information. For accurate numbers, please generate a
timing report with the post Place and Route NCD file.

For more information about the Timing Analyzer, consult the Xilinx Timing
Analyzer Reference Manual; for more information about TRCE, consult the Xilinx
Command Line Tools User Guide "TRACE" chapter.

Section 11 - Configuration String Details
-----------------------------------------
Use the "-detail" map option to print out Configuration Strings

Section 12 - Control Set Information
------------------------------------
Use the "-detail" map option to print out Control Set Information.

Section 13 - Utilization by Hierarchy
-------------------------------------
Use the "-detail" map option to print out the Utilization by Hierarchy section.
